<?xml version="1.0" encoding="UTF-8"?>
<!-- Generated by org.testng.reporters.JUnitXMLReporter -->
<testsuite ignored="0" hostname="NX00441" failures="1" tests="1" name="testngTest" time="15.312" errors="0" timestamp="2020-02-28T20:02:25 PKT">
  <testcase classname="nextbridge.com_VisualValidation_MainCode.mainPage" name="mainPageOpening" time="5.782">
    <failure type="java.lang.ClassCastException" message="class java.util.ArrayList cannot be cast to class org.openqa.selenium.WebElement (java.util.ArrayList is in module java.base of loader &amp;apos;bootstrap&amp;apos;; org.openqa.selenium.WebElement is in unnamed module of loader &amp;apos;app&amp;apos;)">
      <![CDATA[java.lang.ClassCastException: class java.util.ArrayList cannot be cast to class org.openqa.selenium.WebElement (java.util.ArrayList is in module java.base of loader 'bootstrap'; org.openqa.selenium.WebElement is in unnamed module of loader 'app')
at nextbridge.com_VisualValidation_Objects.MainObjects.returnmainPageCheckingObject(MainObjects.java:17)
at nextbridge.com_VisualValidation_MainCode.mainPage.mainPageOpening(mainPage.java:26)
at java.base/java.util.ArrayList.forEach(ArrayList.java:1507)
... Removed 27 stack frames]]>
    </failure>
  </testcase> <!-- mainPageOpening -->
</testsuite> <!-- testngTest -->
