<?xml version="1.0" encoding="UTF-8"?>
<!-- Generated by org.testng.reporters.JUnitXMLReporter -->
<testsuite ignored="0" hostname="NX00441" failures="0" tests="4" name="Default test" time="21.78" errors="0" timestamp="2020-03-02T12:47:35 PKT">
  <testcase classname="nextbridge.com_VisualValidation_MainCode.mainPage" name="mainPageOpening" time="8.776"/>
  <testcase classname="nextbridge.com_VisualValidation_MainCode.mainPage" name="servicesHover" time="0.56"/>
  <testcase classname="nextbridge.com_VisualValidation_MainCode.mainPage" name="technologiesHover" time="0.285"/>
  <testcase classname="nextbridge.com_VisualValidation_MainCode.mainPage" name="looInsideHover" time="0.269"/>
</testsuite> <!-- Default test -->
